<?xml version="1.0" encoding="UTF-8"?>
<!-- Generated by org.testng.reporters.JUnitReportReporter -->
<testsuite hostname="Bloomlync-Qa" failures="0" tests="5" name="tests.VideoPlatformDolbyBookingTest" time="163.213" errors="0" timestamp="2024-08-02T17:56:13 IST" skipped="0">
  <testcase classname="tests.VideoPlatformDolbyBookingTest" name="testEncoder" time="15.771"/>
  <system-out/>
  <testcase classname="tests.VideoPlatformDolbyBookingTest" name="testDecoder" time="31.251"/>
  <system-out/>
  <testcase classname="tests.VideoPlatformDolbyBookingTest" name="testSource" time="32.006"/>
  <system-out/>
  <testcase classname="tests.VideoPlatformDolbyBookingTest" name="testChannel" time="38.260"/>
  <system-out/>
  <testcase classname="tests.VideoPlatformDolbyBookingTest" name="testBooking" time="45.925"/>
  <system-out/>
</testsuite> <!-- tests.VideoPlatformDolbyBookingTest -->
