<?xml version="1.0" encoding="UTF-8"?>
<!-- Generated by org.testng.reporters.JUnitReportReporter -->
<testsuite hostname="Bloomlync-Qa" failures="0" tests="5" name="tests.VideoPlatformNoneBookingTest" time="141.946" errors="0" timestamp="2024-08-05T22:23:37 IST" skipped="0">
  <testcase classname="tests.VideoPlatformNoneBookingTest" name="testEncoder" time="13.172"/>
  <system-out/>
  <testcase classname="tests.VideoPlatformNoneBookingTest" name="testDecoder" time="18.101"/>
  <system-out/>
  <testcase classname="tests.VideoPlatformNoneBookingTest" name="testSource" time="32.093"/>
  <system-out/>
  <testcase classname="tests.VideoPlatformNoneBookingTest" name="testChannel" time="37.700"/>
  <system-out/>
  <testcase classname="tests.VideoPlatformNoneBookingTest" name="testBooking" time="40.880"/>
  <system-out/>
</testsuite> <!-- tests.VideoPlatformNoneBookingTest -->
