<?xml version="1.0" encoding="UTF-8"?>
<!-- Generated by org.testng.reporters.JUnitReportReporter -->
<testsuite hostname="Bloomlync-Qa" failures="0" tests="5" name="tests.VideoPlatformDolbyBookingTest" time="148.470" errors="0" timestamp="2024-08-08T18:38:17 IST" skipped="0">
  <testcase classname="tests.VideoPlatformDolbyBookingTest" name="testEncoder" time="11.726"/>
  <system-out/>
  <testcase classname="tests.VideoPlatformDolbyBookingTest" name="testDecoder" time="26.865"/>
  <system-out/>
  <testcase classname="tests.VideoPlatformDolbyBookingTest" name="testSource" time="35.252"/>
  <system-out/>
  <testcase classname="tests.VideoPlatformDolbyBookingTest" name="testChannel" time="36.428"/>
  <system-out/>
  <testcase classname="tests.VideoPlatformDolbyBookingTest" name="testBooking" time="38.199"/>
  <system-out/>
</testsuite> <!-- tests.VideoPlatformDolbyBookingTest -->
