<?xml version="1.0" encoding="UTF-8"?>
<!-- Generated by org.testng.reporters.JUnitReportReporter -->
<testsuite hostname="Bloomlync-Qa" failures="0" tests="5" name="tests.VideoPlatformBookingTest" time="158.519" errors="0" timestamp="2024-07-08T13:29:58 IST" skipped="0">
  <testcase classname="tests.VideoPlatformBookingTest" name="testEncoder" time="20.790"/>
  <system-out/>
  <testcase classname="tests.VideoPlatformBookingTest" name="testDecoder" time="31.617"/>
  <system-out/>
  <testcase classname="tests.VideoPlatformBookingTest" name="testSource" time="24.724"/>
  <system-out/>
  <testcase classname="tests.VideoPlatformBookingTest" name="testChannel" time="32.986"/>
  <system-out/>
  <testcase classname="tests.VideoPlatformBookingTest" name="testBooking" time="48.402"/>
  <system-out/>
</testsuite> <!-- tests.VideoPlatformBookingTest -->
